[Sat May  2 15:28:57 UTC 2026] Executing: ssh 3ALCYZAFR5CzZDgfPUKRxeGSw@sfo2.tmate.io
[main 39b54f8] terminal update [skip ci]
 8 files changed, 155 insertions(+), 1 deletion(-)
 create mode 100644 archive/commands.log
 create mode 100644 daemon.log
 create mode 100755 daemon.sh
 create mode 100644 priority.txt
 create mode 100644 runtime/cwd
 create mode 100644 runtime/env
 create mode 100644 status.md
[Sat May  2 15:29:00 UTC 2026] Triggering new workflow
gh: To use GitHub CLI in a GitHub Actions workflow, set the GH_TOKEN environment variable. Example:
  env:
    GH_TOKEN: ${{ github.token }}
[main 9b15c20] terminal update [skip ci]
 2 files changed, 14 insertions(+), 1 deletion(-)
[Sat May  2 15:29:06 UTC 2026] Triggering new workflow
gh: To use GitHub CLI in a GitHub Actions workflow, set the GH_TOKEN environment variable. Example:
  env:
    GH_TOKEN: ${{ github.token }}
[main f13d5e2] terminal update [skip ci]
 2 files changed, 7 insertions(+), 1 deletion(-)
[Sat May  2 15:29:12 UTC 2026] Triggering new workflow
gh: To use GitHub CLI in a GitHub Actions workflow, set the GH_TOKEN environment variable. Example:
  env:
    GH_TOKEN: ${{ github.token }}
[main 682b282] terminal update [skip ci]
 2 files changed, 7 insertions(+), 1 deletion(-)
[Sat May  2 15:29:18 UTC 2026] Triggering new workflow
gh: To use GitHub CLI in a GitHub Actions workflow, set the GH_TOKEN environment variable. Example:
  env:
    GH_TOKEN: ${{ github.token }}
[main 9980d87] terminal update [skip ci]
 2 files changed, 7 insertions(+), 1 deletion(-)
[Sat May  2 15:29:24 UTC 2026] Triggering new workflow
gh: To use GitHub CLI in a GitHub Actions workflow, set the GH_TOKEN environment variable. Example:
  env:
    GH_TOKEN: ${{ github.token }}
[main 76da231] terminal update [skip ci]
 2 files changed, 7 insertions(+), 1 deletion(-)
[Sat May  2 15:29:30 UTC 2026] Triggering new workflow
gh: To use GitHub CLI in a GitHub Actions workflow, set the GH_TOKEN environment variable. Example:
  env:
    GH_TOKEN: ${{ github.token }}
[main 55717b8] terminal update [skip ci]
 2 files changed, 7 insertions(+), 1 deletion(-)
To https://github.com/Srvtox/tel
 ! [remote rejected] main -> main (cannot lock ref 'refs/heads/main': is at c85346c2698fdb443c7d999cf8449efbed9a24fd but expected 76da2312b9bd8d028f94ea51c417e0d6db2fb45d)
error: failed to push some refs to 'https://github.com/Srvtox/tel'
[Sat May  2 15:29:36 UTC 2026] Triggering new workflow
gh: To use GitHub CLI in a GitHub Actions workflow, set the GH_TOKEN environment variable. Example:
  env:
    GH_TOKEN: ${{ github.token }}
