xxx
runner@runnervmeorf1:~/work/tel/tel$ cd /home/runner/work/tel/tel
runner@runnervmeorf1:~/work/tel/tel$ source session/env 2>/dev/null
runner@runnervmeorf1:~/work/tel/tel$ ping -c 4 google.com
PING google.com (2607:f8b0:4009:81c::200e) 56 data bytes
64 bytes from pnorda-am-in-x0e.1e100.net (2607:f8b0:4009:81c::200e): icmp_seq=1
ttl=117 time=4.26 ms
64 bytes from pnorda-am-in-x0e.1e100.net (2607:f8b0:4009:81c::200e): icmp_seq=2
ttl=117 time=3.67 ms
64 bytes from pnorda-am-in-x0e.1e100.net (2607:f8b0:4009:81c::200e): icmp_seq=3
ttl=117 time=3.62 ms
64 bytes from pnorda-am-in-x0e.1e100.net (2607:f8b0:4009:81c::200e): icmp_seq=4
ttl=117 time=3.98 ms

--- google.com ping statistics ---
4 packets transmitted, 4 received, 0% packet loss, time 3005ms
rtt min/avg/max/mdev = 3.616/3.883/4.263/0.259 ms
runner@runnervmeorf1:~/work/tel/tel$ cd /home/runner/work/tel/tel
runner@runnervmeorf1:~/work/tel/tel$ source session/env 2>/dev/null
runner@runnervmeorf1:~/work/tel/tel$ ping -c 4 1.1.1.1
PING 1.1.1.1 (1.1.1.1) 56(84) bytes of data.
64 bytes from 1.1.1.1: icmp_seq=1 ttl=64 time=3.06 ms
64 bytes from 1.1.1.1: icmp_seq=2 ttl=64 time=2.06 ms

--------------------------------
2026-04-27T13:00:48Z | ID=11 | EXIT=0
