[1m[92m    Updating[0m crates.io index
[1m[92m     Locking[0m 190 packages to latest compatible versions
[1m[92m      Adding[0m axum v0.7.9 [1m[33m(available: v0.8.9)[0m
[1m[92m      Adding[0m dashmap v5.5.3 [1m[33m(available: v6.2.1)[0m
[1m[92m      Adding[0m reqwest v0.12.28 [1m[33m(available: v0.13.3)[0m
[1m[92m Downloading[0m crates ...
[1m[92m  Downloaded[0m atomic-waker v1.1.2
[1m[92m  Downloaded[0m zerofrom-derive v0.1.7
[1m[92m  Downloaded[0m yoke v0.8.2
[1m[92m  Downloaded[0m zerofrom v0.1.8
[1m[92m  Downloaded[0m rustversion v1.0.22
[1m[92m  Downloaded[0m utf8_iter v1.0.4
[1m[92m  Downloaded[0m yoke-derive v0.8.2
[1m[92m  Downloaded[0m scopeguard v1.2.0
[1m[92m  Downloaded[0m zeroize v1.8.2
[1m[92m  Downloaded[0m stable_deref_trait v1.2.1
[1m[92m  Downloaded[0m zerovec-derive v0.11.3
[1m[92m  Downloaded[0m zmij v1.0.21
[1m[92m  Downloaded[0m slab v0.4.12
[1m[92m  Downloaded[0m subtle v2.6.1
[1m[92m  Downloaded[0m tokio-rustls v0.26.4
[1m[92m  Downloaded[0m tracing-core v0.1.36
[1m[92m  Downloaded[0m uuid v1.23.1
[1m[92m  Downloaded[0m unicode-ident v1.0.24
[1m[92m  Downloaded[0m signal-hook-registry v1.4.8
[1m[92m  Downloaded[0m smallvec v1.15.1
[1m[92m  Downloaded[0m zerotrie v0.2.4
[1m[92m  Downloaded[0m tower v0.5.3
[1m[92m  Downloaded[0m zerovec v0.11.6
[1m[92m  Downloaded[0m tokio-util v0.7.18
[1m[92m  Downloaded[0m tower-http v0.6.11
[1m[92m  Downloaded[0m serde_derive v1.0.228
[1m[92m  Downloaded[0m mio v1.2.0
[1m[92m  Downloaded[0m vcpkg v0.2.15
[1m[92m  Downloaded[0m serde_json v1.0.149
[1m[92m  Downloaded[0m reqwest v0.12.28
[1m[92m  Downloaded[0m hashbrown v0.14.5
[1m[92m  Downloaded[0m icu_properties_data v2.2.0
[1m[92m  Downloaded[0m h2 v0.4.14
[1m[92m  Downloaded[0m icu_properties v2.2.0
[1m[92m  Downloaded[0m idna v1.1.0
[1m[92m  Downloaded[0m futures-macro v0.3.32
[1m[92m  Downloaded[0m syn v2.0.117
[1m[92m  Downloaded[0m hyper v1.9.0
[1m[92m  Downloaded[0m openssl v0.10.80
[1m[92m  Downloaded[0m rustls v0.23.40
[1m[92m  Downloaded[0m tracing v0.1.44
[1m[92m  Downloaded[0m hashbrown v0.17.1
[1m[92m  Downloaded[0m futures-util v0.3.32
[1m[92m  Downloaded[0m http v1.4.0
[1m[92m  Downloaded[0m cc v1.2.62
[1m[92m  Downloaded[0m rustls-webpki v0.103.13
[1m[92m  Downloaded[0m memchr v2.8.0
[1m[92m  Downloaded[0m indexmap v2.14.0
[1m[92m  Downloaded[0m icu_collections v2.2.0
[1m[92m  Downloaded[0m serde v1.0.228
[1m[92m  Downloaded[0m ryu v1.0.23
[1m[92m  Downloaded[0m icu_provider v2.2.0
[1m[92m  Downloaded[0m icu_normalizer_data v2.2.0
[1m[92m  Downloaded[0m hyper-util v0.1.20
[1m[92m  Downloaded[0m socket2 v0.6.3
[1m[92m  Downloaded[0m parking_lot v0.12.5
[1m[92m  Downloaded[0m openssl-sys v0.9.116
[1m[92m  Downloaded[0m icu_normalizer v2.2.0
[1m[92m  Downloaded[0m futures v0.3.32
[1m[92m  Downloaded[0m bytes v1.11.1
[1m[92m  Downloaded[0m url v2.5.8
[1m[92m  Downloaded[0m getrandom v0.2.17
[1m[92m  Downloaded[0m libc v0.2.186
[1m[92m  Downloaded[0m pkg-config v0.3.33
[1m[92m  Downloaded[0m bitflags v2.11.1
[1m[92m  Downloaded[0m futures-io v0.3.32
[1m[92m  Downloaded[0m displaydoc v0.2.5
[1m[92m  Downloaded[0m tokio v1.52.3
[1m[92m  Downloaded[0m synstructure v0.13.2
[1m[92m  Downloaded[0m serde_path_to_error v0.1.20
[1m[92m  Downloaded[0m matchit v0.7.3
[1m[92m  Downloaded[0m icu_locale_core v2.2.0
[1m[92m  Downloaded[0m futures-channel v0.3.32
[1m[92m  Downloaded[0m async-trait v0.1.89
[1m[92m  Downloaded[0m serde_core v1.0.228
[1m[92m  Downloaded[0m rustls-pki-types v1.14.1
[1m[92m  Downloaded[0m proc-macro2 v1.0.106
[1m[92m  Downloaded[0m hyper-rustls v0.27.9
[1m[92m  Downloaded[0m httparse v1.10.1
[1m[92m  Downloaded[0m sync_wrapper v1.0.2
[1m[92m  Downloaded[0m shlex v1.3.0
[1m[92m  Downloaded[0m native-tls v0.2.18
[1m[92m  Downloaded[0m mime v0.3.17
[1m[92m  Downloaded[0m futures-executor v0.3.32
[1m[92m  Downloaded[0m getrandom v0.4.2
[1m[92m  Downloaded[0m futures-sink v0.3.32
[1m[92m  Downloaded[0m equivalent v1.0.2
[1m[92m  Downloaded[0m cfg-if v1.0.4
[1m[92m  Downloaded[0m axum v0.7.9
[1m[92m  Downloaded[0m openssl-macros v0.1.1
[1m[92m  Downloaded[0m itoa v1.0.18
[1m[92m  Downloaded[0m idna_adapter v1.2.2
[1m[92m  Downloaded[0m futures-task v0.3.32
[1m[92m  Downloaded[0m fnv v1.0.7
[1m[92m  Downloaded[0m errno v0.3.14
[1m[92m  Downloaded[0m encoding_rs v0.8.35
[1m[92m  Downloaded[0m quote v1.0.45
[1m[92m  Downloaded[0m once_cell v1.21.4
[1m[92m  Downloaded[0m log v0.4.29
[1m[92m  Downloaded[0m lock_api v0.4.14
[1m[92m  Downloaded[0m foreign-types-shared v0.1.1
[1m[92m  Downloaded[0m dashmap v5.5.3
[1m[92m  Downloaded[0m writeable v0.6.3
[1m[92m  Downloaded[0m ring v0.17.14
[1m[92m  Downloaded[0m http-body-util v0.1.3
[1m[92m  Downloaded[0m find-msvc-tools v0.1.9
[1m[92m  Downloaded[0m tokio-macros v2.7.0
[1m[92m  Downloaded[0m foreign-types v0.3.2
[1m[92m  Downloaded[0m want v0.3.1
[1m[92m  Downloaded[0m tokio-native-tls v0.3.1
[1m[92m  Downloaded[0m serde_urlencoded v0.7.1
[1m[92m  Downloaded[0m parking_lot_core v0.9.12
[1m[92m  Downloaded[0m httpdate v1.0.3
[1m[92m  Downloaded[0m http-body v1.0.1
[1m[92m  Downloaded[0m futures-core v0.3.32
[1m[92m  Downloaded[0m potential_utf v0.1.5
[1m[92m  Downloaded[0m percent-encoding v2.3.2
[1m[92m  Downloaded[0m base64 v0.22.1
[1m[92m  Downloaded[0m axum-core v0.4.5
[1m[92m  Downloaded[0m litemap v0.8.2
[1m[92m  Downloaded[0m untrusted v0.9.0
[1m[92m  Downloaded[0m try-lock v0.2.5
[1m[92m  Downloaded[0m tower-service v0.3.3
[1m[92m  Downloaded[0m pin-project-lite v0.2.17
[1m[92m  Downloaded[0m ipnet v2.12.0
[1m[92m  Downloaded[0m tower-layer v0.3.3
[1m[92m  Downloaded[0m tinystr v0.8.3
[1m[92m  Downloaded[0m hyper-tls v0.6.0
[1m[92m  Downloaded[0m openssl-probe v0.2.1
[1m[92m  Downloaded[0m form_urlencoded v1.2.2
[1m[92m   Compiling[0m proc-macro2 v1.0.106
[1m[92m   Compiling[0m quote v1.0.45
[1m[92m   Compiling[0m unicode-ident v1.0.24
[1m[92m   Compiling[0m libc v0.2.186
[1m[92m   Compiling[0m cfg-if v1.0.4
[1m[92m   Compiling[0m smallvec v1.15.1
[1m[92m   Compiling[0m pin-project-lite v0.2.17
[1m[92m   Compiling[0m futures-core v0.3.32
[1m[92m   Compiling[0m parking_lot_core v0.9.12
[1m[92m   Compiling[0m stable_deref_trait v1.2.1
[1m[92m   Compiling[0m bytes v1.11.1
[1m[92m   Compiling[0m itoa v1.0.18
[1m[92m   Compiling[0m scopeguard v1.2.0
[1m[92m   Compiling[0m futures-sink v0.3.32
[1m[92m   Compiling[0m lock_api v0.4.14
[1m[92m   Compiling[0m slab v0.4.12
[1m[92m   Compiling[0m log v0.4.29
[1m[92m   Compiling[0m once_cell v1.21.4
[1m[92m   Compiling[0m syn v2.0.117
[1m[92m   Compiling[0m errno v0.3.14
[1m[92m   Compiling[0m mio v1.2.0
[1m[92m   Compiling[0m signal-hook-registry v1.4.8
[1m[92m   Compiling[0m parking_lot v0.12.5
[1m[92m   Compiling[0m socket2 v0.6.3
[1m[92m   Compiling[0m futures-channel v0.3.32
[1m[92m   Compiling[0m find-msvc-tools v0.1.9
[1m[92m   Compiling[0m memchr v2.8.0
[1m[92m   Compiling[0m shlex v1.3.0
[1m[92m   Compiling[0m cc v1.2.62
[1m[92m   Compiling[0m tracing-core v0.1.36
[1m[92m   Compiling[0m http v1.4.0
[1m[92m   Compiling[0m vcpkg v0.2.15
[1m[92m   Compiling[0m futures-task v0.3.32
[1m[92m   Compiling[0m futures-io v0.3.32
[1m[92m   Compiling[0m pkg-config v0.3.33
[1m[92m   Compiling[0m tracing v0.1.44
[1m[92m   Compiling[0m synstructure v0.13.2
[1m[92m   Compiling[0m openssl-sys v0.9.116
[1m[92m   Compiling[0m writeable v0.6.3
[1m[92m   Compiling[0m litemap v0.8.2
[1m[92m   Compiling[0m http-body v1.0.1
[1m[92m   Compiling[0m icu_properties_data v2.2.0
[1m[92m   Compiling[0m utf8_iter v1.0.4
[1m[92m   Compiling[0m icu_normalizer_data v2.2.0
[1m[92m   Compiling[0m serde_core v1.0.228
[1m[92m   Compiling[0m percent-encoding v2.3.2
[1m[92m   Compiling[0m tower-service v0.3.3
[1m[92m   Compiling[0m httparse v1.10.1
[1m[92m   Compiling[0m equivalent v1.0.2
[1m[92m   Compiling[0m hashbrown v0.17.1
[1m[92m   Compiling[0m zerofrom-derive v0.1.7
[1m[92m   Compiling[0m yoke-derive v0.8.2
[1m[92m   Compiling[0m zerovec-derive v0.11.3
[1m[92m   Compiling[0m displaydoc v0.2.5
[1m[92m   Compiling[0m tokio-macros v2.7.0
[1m[92m   Compiling[0m zerofrom v0.1.8
[1m[92m   Compiling[0m futures-macro v0.3.32
[1m[92m   Compiling[0m yoke v0.8.2
[1m[92m   Compiling[0m indexmap v2.14.0
[1m[92m   Compiling[0m zerovec v0.11.6
[1m[92m   Compiling[0m tokio v1.52.3
[1m[92m   Compiling[0m futures-util v0.3.32
[1m[92m   Compiling[0m tinystr v0.8.3
[1m[92m   Compiling[0m icu_locale_core v2.2.0
[1m[92m   Compiling[0m potential_utf v0.1.5
[1m[92m   Compiling[0m zerotrie v0.2.4
[1m[92m   Compiling[0m icu_collections v2.2.0
[1m[92m   Compiling[0m icu_provider v2.2.0
[1m[92m   Compiling[0m openssl v0.10.80
[1m[92m   Compiling[0m try-lock v0.2.5
[1m[92m   Compiling[0m foreign-types-shared v0.1.1
[1m[92m   Compiling[0m atomic-waker v1.1.2
[1m[92m   Compiling[0m bitflags v2.11.1
[1m[92m   Compiling[0m fnv v1.0.7
[1m[92m   Compiling[0m foreign-types v0.3.2
[1m[92m   Compiling[0m want v0.3.1
[1m[92m   Compiling[0m icu_normalizer v2.2.0
[1m[92m   Compiling[0m icu_properties v2.2.0
[1m[92m   Compiling[0m openssl-macros v0.1.1
[1m[92m   Compiling[0m tokio-util v0.7.18
[1m[92m   Compiling[0m form_urlencoded v1.2.2
[1m[92m   Compiling[0m h2 v0.4.14
[1m[92m   Compiling[0m sync_wrapper v1.0.2
[1m[92m   Compiling[0m native-tls v0.2.18
[1m[92m   Compiling[0m tower-layer v0.3.3
[1m[92m   Compiling[0m serde v1.0.228
[1m[92m   Compiling[0m zmij v1.0.21
[1m[92m   Compiling[0m httpdate v1.0.3
[1m[92m   Compiling[0m idna_adapter v1.2.2
[1m[92m   Compiling[0m serde_derive v1.0.228
[1m[92m   Compiling[0m http-body-util v0.1.3
[1m[92m   Compiling[0m hyper v1.9.0
[1m[92m   Compiling[0m ipnet v2.12.0
[1m[92m   Compiling[0m rustversion v1.0.22
[1m[92m   Compiling[0m serde_json v1.0.149
[1m[92m   Compiling[0m openssl-probe v0.2.1
[1m[92m   Compiling[0m base64 v0.22.1
[1m[92m   Compiling[0m hyper-util v0.1.20
[1m[92m   Compiling[0m idna v1.1.0
[1m[92m   Compiling[0m tower v0.5.3
[1m[92m   Compiling[0m ryu v1.0.23
[1m[92m   Compiling[0m mime v0.3.17
[1m[92m   Compiling[0m getrandom v0.4.2
[1m[92m   Compiling[0m serde_urlencoded v0.7.1
[1m[92m   Compiling[0m url v2.5.8
[1m[92m   Compiling[0m tokio-native-tls v0.3.1
[1m[92m   Compiling[0m async-trait v0.1.89
[1m[92m   Compiling[0m zeroize v1.8.2
[1m[92m   Compiling[0m rustls-pki-types v1.14.1
[1m[92m   Compiling[0m axum-core v0.4.5
[1m[92m   Compiling[0m hyper-tls v0.6.0
[1m[92m   Compiling[0m tower-http v0.6.11
[1m[92m   Compiling[0m serde_path_to_error v0.1.20
[1m[92m   Compiling[0m futures-executor v0.3.32
[1m[92m   Compiling[0m encoding_rs v0.8.35
[1m[92m   Compiling[0m hashbrown v0.14.5
[1m[92m   Compiling[0m matchit v0.7.3
[1m[92m   Compiling[0m futures v0.3.32
[1m[92m   Compiling[0m uuid v1.23.1
[1m[92m   Compiling[0m dashmap v5.5.3
[1m[92m   Compiling[0m axum v0.7.9
[1m[92m   Compiling[0m reqwest v0.12.28
[1m[92m   Compiling[0m proxy_gateway v0.1.0 (/home/runner/work/tel/tel)
[1m[91merror[E0308][0m[1m: mismatched types[0m
   [1m[94m--> [0msrc/main.rs:314:9
    [1m[94m|[0m
[1m[94m312[0m [1m[94m|[0m [1m[94m/[0m             match ip {
[1m[94m313[0m [1m[94m|[0m [1m[94m|[0m     std::net::IpAddr::V4(v4) => {
[1m[94m314[0m [1m[94m|[0m [1m[94m|[0m         !v4.is_private() && !v4.is_loopback()
    [1m[94m|[0m [1m[94m|[0m         [1m[91m^^^^^^^^^^^^^^^^^^^^^^^^^^^^^^^^^^^^^[0m [1m[91mexpected `()`, found `bool`[0m
[1m[94m...[0m   [1m[94m|[0m
[1m[94m319[0m [1m[94m|[0m [1m[94m|[0m }
    [1m[94m|[0m [1m[94m|_-[0m [1m[94mexpected this to be `()`[0m
    [1m[94m|[0m
[1m[96mhelp[0m: consider using a semicolon here
    [1m[94m|[0m
[1m[94m319[0m [1m[94m| [0m}[92m;[0m
    [1m[94m|[0m  [92m+[0m
[1m[96mhelp[0m: you might have meant to return this value
    [1m[94m|[0m
[1m[94m314[0m [1m[94m| [0m        [92mreturn [0m!v4.is_private() && !v4.is_loopback()
    [1m[94m|[0m         [92m++++++[0m

[1m[91merror[E0308][0m[1m: mismatched types[0m
   [1m[94m--> [0msrc/main.rs:317:9
    [1m[94m|[0m
[1m[94m312[0m [1m[94m|[0m [1m[94m/[0m             match ip {
[1m[94m313[0m [1m[94m|[0m [1m[94m|[0m     std::net::IpAddr::V4(v4) => {
[1m[94m314[0m [1m[94m|[0m [1m[94m|[0m         !v4.is_private() && !v4.is_loopback()
[1m[94m...[0m   [1m[94m|[0m
[1m[94m317[0m [1m[94m|[0m [1m[94m|[0m         !v6.is_loopback()
    [1m[94m|[0m [1m[94m|[0m         [1m[91m^^^^^^^^^^^^^^^^^[0m [1m[91mexpected `()`, found `bool`[0m
[1m[94m318[0m [1m[94m|[0m [1m[94m|[0m     }
[1m[94m319[0m [1m[94m|[0m [1m[94m|[0m }
    [1m[94m|[0m [1m[94m|_-[0m [1m[94mexpected this to be `()`[0m
    [1m[94m|[0m
[1m[96mhelp[0m: consider using a semicolon here
    [1m[94m|[0m
[1m[94m319[0m [1m[94m| [0m}[92m;[0m
    [1m[94m|[0m  [92m+[0m
[1m[96mhelp[0m: you might have meant to return this value
    [1m[94m|[0m
[1m[94m317[0m [1m[94m| [0m        [92mreturn [0m!v6.is_loopback()
    [1m[94m|[0m         [92m++++++[0m

[1mFor more information about this error, try `rustc --explain E0308`.[0m
[1m[91merror[0m: could not compile `proxy_gateway` (bin "proxy_gateway") due to 2 previous errors
Rust build failed
